<?xml version="1.0" encoding="UTF-8"?>
<!-- Generated by org.testng.reporters.JUnitReportReporter -->
<testsuite hostname="LAPTOP-UN5JVH9Q" failures="0" tests="1" name="main.java.tests.GoogleSearchTest" time="4.366" errors="0" timestamp="2023-09-29T02:31:49 GMT+02:00" skipped="0">
  <testcase classname="main.java.tests.GoogleSearchTest" name="searchJobsOnGoogle" time="4.366"/>
  <system-out/>
</testsuite> <!-- main.java.tests.GoogleSearchTest -->
