<?xml version="1.0" encoding="UTF-8"?>
<!-- Generated by org.testng.reporters.JUnitReportReporter -->
<testsuite hostname="LAPTOP-UN5JVH9Q" failures="0" tests="1" name="test.java.tests.GoogleSearchTest" time="4.577" errors="0" timestamp="2023-10-02T19:36:20 GMT+02:00" skipped="0">
  <testcase classname="test.java.tests.GoogleSearchTest" name="searchAndClickFirstOrganicResult" time="4.577"/>
</testsuite> <!-- test.java.tests.GoogleSearchTest -->
